<?xml version="1.0" encoding="UTF-8"?>
<!-- Generated by org.testng.reporters.JUnitReportReporter -->
<testsuite hostname="vishaljaiswal" name="com.bookmyshow.BookMyShow.Launch" tests="1" failures="0" timestamp="10 May 2019 18:54:40 GMT" time="45.249" errors="0">
  <testcase name="launchBrowser" time="45.249" classname="com.bookmyshow.BookMyShow.Launch"/>
</testsuite> <!-- com.bookmyshow.BookMyShow.Launch -->
