<?xml version="1.0" encoding="UTF-8"?>
<!-- Generated by org.testng.reporters.JUnitReportReporter -->
<testsuite hostname="vishaljaiswal" name="com.bookmyshow.BookMyShow.BMS_1" tests="1" failures="0" timestamp="10 May 2019 18:54:40 GMT" time="0.015" errors="0">
  <testcase name="emailPrint" time="0.015" classname="com.bookmyshow.BookMyShow.BMS_1"/>
</testsuite> <!-- com.bookmyshow.BookMyShow.BMS_1 -->
