<?xml version="1.0" encoding="UTF-8"?>
<!-- Generated by org.testng.reporters.JUnitReportReporter -->
<testsuite hostname="vishaljaiswal" name="com.bookmyshow.BookMyShow.BMS_1" tests="2" failures="0" timestamp="8 May 2019 19:37:18 GMT" time="130.190" errors="0">
  <testcase name="launchBrowser" time="53.092" classname="com.bookmyshow.BookMyShow.BMS_1"/>
  <testcase name="test" time="77.098" classname="com.bookmyshow.BookMyShow.BMS_1"/>
</testsuite> <!-- com.bookmyshow.BookMyShow.BMS_1 -->
