<?xml version="1.0" encoding="UTF-8"?>
<!-- Generated by org.testng.reporters.JUnitReportReporter -->
<testsuite hostname="vishaljaiswal" name="com.bookmyshow.BookMyShow.Launch" tests="1" failures="0" timestamp="6 May 2019 20:17:22 GMT" time="13.511" errors="0">
  <testcase name="launchBrowser" time="13.511" classname="com.bookmyshow.BookMyShow.Launch"/>
</testsuite> <!-- com.bookmyshow.BookMyShow.Launch -->
