<?xml version="1.0" encoding="UTF-8"?>
<!-- Generated by org.testng.reporters.JUnitReportReporter -->
<testsuite hostname="vishaljaiswal" name="com.bookmyshow.BookMyShow.Launch" tests="1" failures="0" timestamp="8 May 2019 19:09:18 GMT" time="57.485" errors="0">
  <testcase name="launchBrowser" time="57.485" classname="com.bookmyshow.BookMyShow.Launch"/>
</testsuite> <!-- com.bookmyshow.BookMyShow.Launch -->
